Arguments: 
  /usr/local/Cellar/node/10.4.0/bin/node /usr/local/Cellar/yarn/1.7.0/libexec/bin/yarn.js add minimalist.re

PATH: 
  /Users/jaredramirez/.opam/4.02.3/bin:/Users/jaredramirez/Library/Haskell/bin:/usr/local/opt/node@8/bin:/Users/jaredramirez/.fastlane/bin:/Users/jaredramirez/.config/yarn/global/node_modules/.bin:/Users/jaredramirez/.local/bin:/Users/jaredramirez/Library/Android/sdk/tools/bin:/Users/jaredramirez/Library/Android/sdk/platform-tools:/usr/local/sbin:/opt/local/bin:/opt/local/sbin:/Users/jaredramirez/.cargo/bin:/Users/jaredramirez/dev/bin:/usr/local/go/bin:/Users/jaredramirez/Library/Python/2.7/bin:/Users/jaredramirez/bin:/usr/local/bin:/Users/jaredramirez/.opam/4.02.3/bin:/Users/jaredramirez/Library/Haskell/bin:/usr/local/opt/node@8/bin:/Users/jaredramirez/.fastlane/bin:/Users/jaredramirez/.config/yarn/global/node_modules/.bin:/Users/jaredramirez/.local/bin:/Users/jaredramirez/Library/Android/sdk/tools/bin:/Users/jaredramirez/Library/Android/sdk/platform-tools:/usr/local/sbin:/opt/local/bin:/opt/local/sbin:/Users/jaredramirez/.cargo/bin:/Users/jaredramirez/dev/bin:/usr/local/go/bin:/Users/jaredramirez/Library/Python/2.7/bin:/Users/jaredramirez/bin:/usr/local/bin:/usr/bin:/bin:/usr/sbin:/sbin

Yarn version: 
  1.7.0

Node version: 
  10.4.0

Platform: 
  darwin x64

Trace: 
  Error: https://registry.yarnpkg.com/minimalist.re: Not found
      at Request.params.callback [as _callback] (/usr/local/Cellar/yarn/1.7.0/libexec/lib/cli.js:65656:18)
      at Request.self.callback (/usr/local/Cellar/yarn/1.7.0/libexec/lib/cli.js:134675:22)
      at Request.emit (events.js:182:13)
      at Request.<anonymous> (/usr/local/Cellar/yarn/1.7.0/libexec/lib/cli.js:135658:10)
      at Request.emit (events.js:182:13)
      at IncomingMessage.<anonymous> (/usr/local/Cellar/yarn/1.7.0/libexec/lib/cli.js:135578:12)
      at Object.onceWrapper (events.js:273:13)
      at IncomingMessage.emit (events.js:187:15)
      at endReadableNT (_stream_readable.js:1081:12)
      at process._tickCallback (internal/process/next_tick.js:63:19)

npm manifest: 
  {
    "name": "border-types",
    "version": "0.1.0",
    "scripts": {
      "build": "bsb -make-world",
      "build:watch": "bsb -make-world -w",
      "build:clean": "bsb -clean-world",
      "start": "node --no-warnings src/Main.bs.js"
    },
    "keywords": [
      "BuckleScript"
    ],
    "author": "",
    "license": "MIT",
    "devDependencies": {
      "bs-platform": "3.1.5"
    },
    "dependencies": {
      "@glennsl/bs-json": "2.0.0"
    }
  }

yarn manifest: 
  No manifest

Lockfile: 
  # THIS IS AN AUTOGENERATED FILE. DO NOT EDIT THIS FILE DIRECTLY.
  # yarn lockfile v1
  
  
  "@glennsl/bs-json@2.0.0":
    version "2.0.0"
    resolved "https://registry.yarnpkg.com/@glennsl/bs-json/-/bs-json-2.0.0.tgz#e621aac1e94d49bc12bf493b67c01c39e61a6415"
  
  bs-platform@3.1.5:
    version "3.1.5"
    resolved "https://registry.yarnpkg.com/bs-platform/-/bs-platform-3.1.5.tgz#fb34ee4702bc9163848d5537096c4f31ebaeed40"
